<?xml version="1.0" encoding="UTF-8"?>
<testng-results ignored="0" total="1" passed="1" failed="0" skipped="0">
  <reporter-output>
  </reporter-output>
  <suite started-at="2025-01-05T16:41:37 PST" name="Default suite" finished-at="2025-01-05T16:42:24 PST" duration-ms="47382">
    <groups>
    </groups>
    <test started-at="2025-01-05T16:41:37 PST" name="Default test" finished-at="2025-01-05T16:42:24 PST" duration-ms="47382">
      <class name="com.testng.selenium.v2.TC01_VerifyInvalidLogin">
        <test-method signature="VerifyInvalidLogin()[pri:0, instance:com.testng.selenium.v2.TC01_VerifyInvalidLogin@65a4798f]" started-at="2025-01-05T16:41:37 PST" name="VerifyInvalidLogin" finished-at="2025-01-05T16:42:24 PST" duration-ms="47361" status="PASS">
          <reporter-output>
          </reporter-output>
        </test-method> <!-- VerifyInvalidLogin -->
      </class> <!-- com.testng.selenium.v2.TC01_VerifyInvalidLogin -->
    </test> <!-- Default test -->
  </suite> <!-- Default suite -->
</testng-results>
