<?xml version="1.0" encoding="UTF-8"?>
<testng-results ignored="0" total="4" passed="3" failed="1" skipped="0">
  <reporter-output>
  </reporter-output>
  <suite started-at="2024-10-14T10:43:25 PST" name="Suite" finished-at="2024-10-14T10:46:40 PST" duration-ms="194265">
    <groups>
    </groups>
    <test started-at="2024-10-14T10:43:25 PST" name="Test1" finished-at="2024-10-14T10:44:12 PST" duration-ms="47037">
      <class name="com.testng.selenium.v2.TC01_VerifyInvalidLogin">
        <test-method signature="VerifyInvalidLogin()[pri:0, instance:com.testng.selenium.v2.TC01_VerifyInvalidLogin@5b057c8c]" started-at="2024-10-14T10:43:25 PST" name="VerifyInvalidLogin" finished-at="2024-10-14T10:44:12 PST" duration-ms="47014" status="PASS">
          <reporter-output>
          </reporter-output>
        </test-method> <!-- VerifyInvalidLogin -->
      </class> <!-- com.testng.selenium.v2.TC01_VerifyInvalidLogin -->
    </test> <!-- Test1 -->
    <test started-at="2024-10-14T10:44:13 PST" name="Test2" finished-at="2024-10-14T10:45:18 PST" duration-ms="65168">
      <class name="com.testng.selenium.v2.TC02_VerifyValidLogin">
        <test-method signature="VerifyValidLogin()[pri:0, instance:com.testng.selenium.v2.TC02_VerifyValidLogin@42a9e5d1]" started-at="2024-10-14T10:44:13 PST" name="VerifyValidLogin" finished-at="2024-10-14T10:45:18 PST" duration-ms="65166" status="PASS">
          <reporter-output>
          </reporter-output>
        </test-method> <!-- VerifyValidLogin -->
      </class> <!-- com.testng.selenium.v2.TC02_VerifyValidLogin -->
    </test> <!-- Test2 -->
    <test started-at="2024-10-14T10:45:18 PST" name="Test3" finished-at="2024-10-14T10:46:05 PST" duration-ms="47816">
      <class name="com.testng.selenium.v2.TC04_VerifyLogout">
        <test-method signature="VerifyLogout()[pri:0, instance:com.testng.selenium.v2.TC04_VerifyLogout@7d3430a7]" started-at="2024-10-14T10:45:18 PST" name="VerifyLogout" finished-at="2024-10-14T10:46:05 PST" duration-ms="47814" status="PASS">
          <reporter-output>
          </reporter-output>
        </test-method> <!-- VerifyLogout -->
      </class> <!-- com.testng.selenium.v2.TC04_VerifyLogout -->
    </test> <!-- Test3 -->
    <test started-at="2024-10-14T10:46:05 PST" name="Test4" finished-at="2024-10-14T10:46:40 PST" duration-ms="34224">
      <class name="com.testng.selenium.v2.TC03_VerifyRegistration">
        <test-method signature="VerifyRegistration()[pri:0, instance:com.testng.selenium.v2.TC03_VerifyRegistration@5536379e]" started-at="2024-10-14T10:46:05 PST" name="VerifyRegistration" finished-at="2024-10-14T10:46:40 PST" duration-ms="34221" status="FAIL">
          <exception class="org.openqa.selenium.NoSuchElementException">
            <message>
              <![CDATA[no such element: Unable to locate element: {"method":"css selector","selector":"#id_gender1"}
  (Session info: chrome=129.0.6668.101)
For documentation on this error, please visit: https://selenium.dev/exceptions/#no_such_element
Build info: version: '4.2.1', revision: 'ac4d0fdd4a'
System info: host: 'DESKTOP-ELMQU7L', ip: '192.168.254.110', os.name: 'Windows 10', os.arch: 'amd64', os.version: '10.0', java.version: '22.0.2'
Driver info: org.openqa.selenium.chrome.ChromeDriver
Command: [1e9aeaea33330897a3ea72fbd7a1b565, findElement {using=id, value=id_gender1}]
Capabilities {acceptInsecureCerts: false, browserName: chrome, browserVersion: 129.0.6668.101, chrome: {chromedriverVersion: 129.0.6668.100 (cf58cba358d..., userDataDir: C:\Users\jvitu\AppData\Loca...}, fedcm:accounts: true, goog:chromeOptions: {debuggerAddress: localhost:60831}, networkConnectionEnabled: false, pageLoadStrategy: normal, platformName: WINDOWS, proxy: Proxy(), se:cdp: ws://localhost:60831/devtoo..., se:cdpVersion: 129.0.6668.101, setWindowRect: true, strictFileInteractability: false, timeouts: {implicit: 0, pageLoad: 300000, script: 30000}, unhandledPromptBehavior: dismiss and notify, webauthn:extension:credBlob: true, webauthn:extension:largeBlob: true, webauthn:extension:minPinLength: true, webauthn:extension:prf: true, webauthn:virtualAuthenticators: true}
Session ID: 1e9aeaea33330897a3ea72fbd7a1b565]]>
            </message>
            <full-stacktrace>
              <![CDATA[org.openqa.selenium.NoSuchElementException: no such element: Unable to locate element: {"method":"css selector","selector":"#id_gender1"}
  (Session info: chrome=129.0.6668.101)
For documentation on this error, please visit: https://selenium.dev/exceptions/#no_such_element
Build info: version: '4.2.1', revision: 'ac4d0fdd4a'
System info: host: 'DESKTOP-ELMQU7L', ip: '192.168.254.110', os.name: 'Windows 10', os.arch: 'amd64', os.version: '10.0', java.version: '22.0.2'
Driver info: org.openqa.selenium.chrome.ChromeDriver
Command: [1e9aeaea33330897a3ea72fbd7a1b565, findElement {using=id, value=id_gender1}]
Capabilities {acceptInsecureCerts: false, browserName: chrome, browserVersion: 129.0.6668.101, chrome: {chromedriverVersion: 129.0.6668.100 (cf58cba358d..., userDataDir: C:\Users\jvitu\AppData\Loca...}, fedcm:accounts: true, goog:chromeOptions: {debuggerAddress: localhost:60831}, networkConnectionEnabled: false, pageLoadStrategy: normal, platformName: WINDOWS, proxy: Proxy(), se:cdp: ws://localhost:60831/devtoo..., se:cdpVersion: 129.0.6668.101, setWindowRect: true, strictFileInteractability: false, timeouts: {implicit: 0, pageLoad: 300000, script: 30000}, unhandledPromptBehavior: dismiss and notify, webauthn:extension:credBlob: true, webauthn:extension:largeBlob: true, webauthn:extension:minPinLength: true, webauthn:extension:prf: true, webauthn:virtualAuthenticators: true}
Session ID: 1e9aeaea33330897a3ea72fbd7a1b565
at java.base/jdk.internal.reflect.DirectConstructorHandleAccessor.newInstance(DirectConstructorHandleAccessor.java:62)
at java.base/java.lang.reflect.Constructor.newInstanceWithCaller(Constructor.java:502)
at java.base/java.lang.reflect.Constructor.newInstance(Constructor.java:486)
at org.openqa.selenium.remote.codec.w3c.W3CHttpResponseCodec.createException(W3CHttpResponseCodec.java:200)
at org.openqa.selenium.remote.codec.w3c.W3CHttpResponseCodec.decode(W3CHttpResponseCodec.java:133)
at org.openqa.selenium.remote.codec.w3c.W3CHttpResponseCodec.decode(W3CHttpResponseCodec.java:53)
at org.openqa.selenium.remote.HttpCommandExecutor.execute(HttpCommandExecutor.java:184)
at org.openqa.selenium.remote.service.DriverCommandExecutor.invokeExecute(DriverCommandExecutor.java:167)
at org.openqa.selenium.remote.service.DriverCommandExecutor.execute(DriverCommandExecutor.java:142)
at org.openqa.selenium.remote.RemoteWebDriver.execute(RemoteWebDriver.java:551)
at org.openqa.selenium.remote.ElementLocation$ElementFinder$2.findElement(ElementLocation.java:162)
at org.openqa.selenium.remote.ElementLocation.findElement(ElementLocation.java:66)
at org.openqa.selenium.remote.RemoteWebDriver.findElement(RemoteWebDriver.java:369)
at org.openqa.selenium.remote.RemoteWebDriver.findElement(RemoteWebDriver.java:361)
at com.testng.selenium.v2.Register.setGender(Register.java:121)
at com.testng.selenium.v2.TC03_VerifyRegistration.VerifyRegistration(TC03_VerifyRegistration.java:89)
at java.base/jdk.internal.reflect.DirectMethodHandleAccessor.invoke(DirectMethodHandleAccessor.java:103)
at java.base/java.lang.reflect.Method.invoke(Method.java:580)
at org.testng.internal.invokers.MethodInvocationHelper.invokeMethod(MethodInvocationHelper.java:139)
at org.testng.internal.invokers.TestInvoker.invokeMethod(TestInvoker.java:677)
at org.testng.internal.invokers.TestInvoker.invokeTestMethod(TestInvoker.java:221)
at org.testng.internal.invokers.MethodRunner.runInSequence(MethodRunner.java:50)
at org.testng.internal.invokers.TestInvoker$MethodInvocationAgent.invoke(TestInvoker.java:969)
at org.testng.internal.invokers.TestInvoker.invokeTestMethods(TestInvoker.java:194)
at org.testng.internal.invokers.TestMethodWorker.invokeTestMethods(TestMethodWorker.java:148)
at org.testng.internal.invokers.TestMethodWorker.run(TestMethodWorker.java:128)
at java.base/java.util.ArrayList.forEach(ArrayList.java:1597)
at org.testng.TestRunner.privateRun(TestRunner.java:829)
at org.testng.TestRunner.run(TestRunner.java:602)
at org.testng.SuiteRunner.runTest(SuiteRunner.java:437)
at org.testng.SuiteRunner.runSequentially(SuiteRunner.java:431)
at org.testng.SuiteRunner.privateRun(SuiteRunner.java:391)
at org.testng.SuiteRunner.run(SuiteRunner.java:330)
at org.testng.SuiteRunnerWorker.runSuite(SuiteRunnerWorker.java:52)
at org.testng.SuiteRunnerWorker.run(SuiteRunnerWorker.java:95)
at org.testng.TestNG.runSuitesSequentially(TestNG.java:1256)
at org.testng.TestNG.runSuitesLocally(TestNG.java:1176)
at org.testng.TestNG.runSuites(TestNG.java:1099)
at org.testng.TestNG.run(TestNG.java:1067)
at org.testng.remote.AbstractRemoteTestNG.run(AbstractRemoteTestNG.java:115)
at org.testng.remote.RemoteTestNG.initAndRun(RemoteTestNG.java:293)
at org.testng.remote.RemoteTestNG.main(RemoteTestNG.java:91)
]]>
            </full-stacktrace>
          </exception> <!-- org.openqa.selenium.NoSuchElementException -->
          <reporter-output>
          </reporter-output>
        </test-method> <!-- VerifyRegistration -->
      </class> <!-- com.testng.selenium.v2.TC03_VerifyRegistration -->
    </test> <!-- Test4 -->
  </suite> <!-- Suite -->
</testng-results>
